2019-09-19 19:09:50 INFO  InjectIniyializer:16 - Dependency injection started ...
2019-09-19 19:13:55 INFO  InjectIniyializer:16 - Dependency injection started ...
2019-09-19 20:04:54 INFO  InjectIniyializer:16 - Dependency injection started ...
2019-09-20 14:54:41 INFO  InjectIniyializer:16 - Dependency injection started ...
2019-09-20 15:31:07 INFO  InjectIniyializer:16 - Dependency injection started ...
2019-09-20 15:33:43 INFO  InjectIniyializer:16 - Dependency injection started ...
2019-09-20 15:45:05 INFO  InjectIniyializer:16 - Dependency injection started ...
2019-09-20 16:16:37 INFO  InjectIniyializer:16 - Dependency injection started ...
2019-09-21 19:58:32 INFO  InjectIniyializer:16 - Dependency injection started ...
2019-09-21 20:12:59 INFO  InjectIniyializer:16 - Dependency injection started ...
2019-09-21 20:21:16 INFO  InjectIniyializer:16 - Dependency injection started ...
2019-09-21 20:27:03 INFO  InjectIniyializer:16 - Dependency injection started ...
2019-09-21 20:29:10 INFO  InjectIniyializer:16 - Dependency injection started ...
2019-09-21 20:30:16 INFO  InjectIniyializer:16 - Dependency injection started ...
2019-09-21 20:31:44 INFO  InjectIniyializer:16 - Dependency injection started ...
2019-09-21 20:34:47 INFO  InjectIniyializer:16 - Dependency injection started ...
2019-09-21 20:38:19 INFO  InjectIniyializer:16 - Dependency injection started ...
2019-09-21 20:40:40 INFO  InjectIniyializer:16 - Dependency injection started ...
2019-09-21 21:02:13 INFO  InjectIniyializer:16 - Dependency injection started ...
2019-09-21 21:04:04 INFO  InjectIniyializer:16 - Dependency injection started ...
2019-09-21 21:04:30 INFO  AuthentikationFilter:38 - User Korfat was authenticated
2019-09-21 21:04:38 INFO  AuthentikationFilter:38 - User Korfat was authenticated
2019-09-21 21:04:38 INFO  AuthentikationFilter:38 - User Korfat was authenticated
2019-09-21 21:04:39 INFO  AuthentikationFilter:38 - User Korfat was authenticated
2019-09-21 21:04:39 INFO  AuthentikationFilter:38 - User Korfat was authenticated
2019-09-21 21:04:39 INFO  AuthentikationFilter:38 - User Korfat was authenticated
2019-09-21 21:04:39 INFO  AuthentikationFilter:38 - User Korfat was authenticated
2019-09-21 21:04:43 INFO  AuthentikationFilter:38 - User Korfat was authenticated
2019-09-21 21:04:45 INFO  AuthentikationFilter:38 - User Korfat was authenticated
2019-09-21 21:04:46 INFO  AuthentikationFilter:38 - User Korfat was authenticated
2019-09-21 21:04:48 INFO  AuthentikationFilter:38 - User Korfat was authenticated
2019-09-21 21:04:48 INFO  AuthentikationFilter:38 - User Korfat was authenticated
2019-09-21 21:04:50 INFO  AuthentikationFilter:38 - User Korfat was authenticated
2019-09-21 21:19:32 INFO  InjectIniyializer:16 - Dependency injection started ...
2019-09-21 21:20:23 INFO  AuthentikationFilter:43 - User was not authenticated
2019-09-21 21:21:38 INFO  InjectIniyializer:16 - Dependency injection started ...
2019-09-21 21:22:43 INFO  InjectIniyializer:16 - Dependency injection started ...
2019-09-21 21:24:14 INFO  AuthentikationFilter:43 - User was not authenticated
2019-09-21 21:40:42 INFO  InjectIniyializer:16 - Dependency injection started ...
2019-09-21 21:40:56 INFO  AuthentikationFilter:46 - User was not authenticated
2019-09-21 21:43:19 INFO  AuthentikationFilter:43 - User Korfat was authenticated
2019-09-21 21:43:22 INFO  AuthentikationFilter:43 - User Korfat was authenticated
2019-09-21 21:43:48 INFO  AuthentikationFilter:43 - User Korfat was authenticated
2019-09-21 23:18:12 INFO  InjectIniyializer:16 - Dependency injection started ...
2019-09-21 23:18:32 INFO  AuthentikationFilter:50 - User was not authenticated
2019-09-21 23:18:41 INFO  AuthentikationFilter:44 - User Korfat was authenticated
2019-09-21 23:18:48 INFO  AuthentikationFilter:44 - User Korfat was authenticated
2019-09-21 23:18:48 INFO  AuthentikationFilter:44 - User Korfat was authenticated
2019-09-21 23:18:52 INFO  AuthentikationFilter:44 - User Korfat was authenticated
2019-09-21 23:18:56 INFO  AuthentikationFilter:44 - User Korfat was authenticated
2019-09-21 23:18:56 INFO  AuthentikationFilter:44 - User Korfat was authenticated
2019-09-21 23:18:58 INFO  AuthentikationFilter:44 - User Korfat was authenticated
2019-09-21 23:18:58 INFO  AuthentikationFilter:44 - User Korfat was authenticated
2019-09-21 23:18:59 INFO  AuthentikationFilter:44 - User Korfat was authenticated
2019-09-21 23:18:59 INFO  AuthentikationFilter:44 - User Korfat was authenticated
2019-09-21 23:19:00 INFO  AuthentikationFilter:44 - User Korfat was authenticated
2019-09-21 23:19:02 INFO  AuthentikationFilter:44 - User Korfat was authenticated
2019-09-21 23:19:02 INFO  AuthentikationFilter:44 - User Korfat was authenticated
2019-09-21 23:19:04 INFO  AuthentikationFilter:44 - User Korfat was authenticated
2019-09-21 23:19:05 INFO  AuthentikationFilter:44 - User Korfat was authenticated
2019-09-21 23:19:07 INFO  AuthentikationFilter:44 - User Korfat was authenticated
2019-09-21 23:19:22 INFO  AuthentikationFilter:44 - User Korfat was authenticated
2019-09-21 23:19:50 INFO  AuthentikationFilter:44 - User Korfat was authenticated
2019-09-21 23:21:10 INFO  AuthentikationFilter:44 - User Korfat was authenticated
2019-09-21 23:25:29 INFO  AuthentikationFilter:44 - User Korfat was authenticated
2019-09-21 23:33:45 INFO  InjectIniyializer:16 - Dependency injection started ...
2019-09-21 23:34:11 INFO  InjectIniyializer:16 - Dependency injection started ...
2019-09-21 23:37:47 INFO  AuthentikationFilter:44 - User Korfat was authenticated
2019-09-21 23:37:54 INFO  AuthentikationFilter:44 - User Korfat was authenticated
2019-09-21 23:37:54 INFO  AuthentikationFilter:44 - User Korfat was authenticated
2019-09-21 23:37:55 INFO  AuthentikationFilter:44 - User Korfat was authenticated
2019-09-21 23:37:55 INFO  AuthentikationFilter:44 - User Korfat was authenticated
2019-09-21 23:37:56 INFO  AuthentikationFilter:44 - User Korfat was authenticated
2019-09-21 23:37:56 INFO  AuthentikationFilter:44 - User Korfat was authenticated
2019-09-21 23:38:11 INFO  AuthentikationFilter:44 - User Korfat was authenticated
2019-09-21 23:38:13 INFO  AuthentikationFilter:44 - User Korfat was authenticated
2019-09-21 23:38:14 INFO  AuthentikationFilter:44 - User Korfat was authenticated
2019-09-21 23:39:39 INFO  AuthentikationFilter:44 - User Vasya was authenticated
2019-09-21 23:39:48 INFO  AuthentikationFilter:44 - User Vasya was authenticated
2019-09-21 23:39:48 INFO  AuthentikationFilter:44 - User Vasya was authenticated
2019-09-21 23:39:49 INFO  AuthentikationFilter:44 - User Vasya was authenticated
2019-09-21 23:39:51 INFO  AuthentikationFilter:44 - User Vasya was authenticated
2019-09-21 23:39:52 INFO  AuthentikationFilter:44 - User Vasya was authenticated
2019-09-21 23:40:38 INFO  AuthentikationFilter:44 - User Vasya was authenticated
2019-09-21 23:40:40 INFO  AuthentikationFilter:44 - User Vasya was authenticated
2019-09-21 23:40:40 INFO  AuthentikationFilter:44 - User Vasya was authenticated
2019-09-21 23:40:41 INFO  AuthentikationFilter:44 - User Vasya was authenticated
2019-09-21 23:40:41 INFO  AuthentikationFilter:44 - User Vasya was authenticated
2019-09-21 23:40:42 INFO  AuthentikationFilter:44 - User Vasya was authenticated
2019-09-21 23:40:42 INFO  AuthentikationFilter:44 - User Vasya was authenticated
2019-09-21 23:40:42 INFO  AuthentikationFilter:44 - User Vasya was authenticated
2019-09-21 23:40:42 INFO  AuthentikationFilter:44 - User Vasya was authenticated
2019-09-21 23:40:43 INFO  AuthentikationFilter:44 - User Vasya was authenticated
2019-09-21 23:40:48 INFO  AuthentikationFilter:44 - User Korfat was authenticated
2019-09-21 23:40:50 INFO  AuthentikationFilter:44 - User Korfat was authenticated
2019-09-21 23:40:50 INFO  AuthentikationFilter:44 - User Korfat was authenticated
2019-09-21 23:40:50 INFO  AuthentikationFilter:44 - User Korfat was authenticated
2019-09-21 23:40:50 INFO  AuthentikationFilter:44 - User Korfat was authenticated
2019-09-21 23:40:51 INFO  AuthentikationFilter:44 - User Korfat was authenticated
2019-09-21 23:40:58 INFO  AuthentikationFilter:44 - User Korfat was authenticated
2019-09-21 23:41:08 INFO  AuthentikationFilter:44 - User Vasya was authenticated
2019-09-21 23:41:10 INFO  AuthentikationFilter:44 - User Korfat was authenticated
2019-09-21 23:42:17 INFO  AuthentikationFilter:44 - User Vasya was authenticated
2019-09-21 23:42:24 INFO  AuthentikationFilter:44 - User Vasya was authenticated
2019-09-21 23:42:37 INFO  AuthentikationFilter:44 - User Vasya was authenticated
2019-09-21 23:42:39 INFO  AuthentikationFilter:44 - User Vasya was authenticated
2019-09-21 23:42:49 INFO  AuthentikationFilter:44 - User Vasya was authenticated
2019-09-21 23:42:52 INFO  AuthentikationFilter:44 - User Vasya was authenticated
2019-09-21 23:42:59 INFO  AuthentikationFilter:44 - User Vasya was authenticated
2019-09-21 23:43:00 INFO  AuthentikationFilter:44 - User Vasya was authenticated
2019-09-21 23:43:00 INFO  AuthentikationFilter:44 - User Vasya was authenticated
2019-09-21 23:43:02 INFO  AuthentikationFilter:44 - User Vasya was authenticated
2019-09-21 23:43:05 INFO  AuthentikationFilter:44 - User Vasya was authenticated
2019-09-21 23:47:46 INFO  InjectIniyializer:16 - Dependency injection started ...
2019-09-21 23:47:52 INFO  AuthentikationFilter:50 - User was not authenticated
2019-09-21 23:48:02 INFO  AuthentikationFilter:44 - User Korfat was authenticated
2019-09-21 23:48:07 INFO  AuthentikationFilter:44 - User Korfat was authenticated
2019-09-21 23:48:07 INFO  AuthentikationFilter:44 - User Korfat was authenticated
2019-09-21 23:48:08 INFO  AuthentikationFilter:44 - User Korfat was authenticated
2019-09-21 23:48:08 INFO  AuthentikationFilter:44 - User Korfat was authenticated
2019-09-21 23:48:09 INFO  AuthentikationFilter:44 - User Korfat was authenticated
2019-09-21 23:48:09 INFO  AuthentikationFilter:44 - User Korfat was authenticated
2019-09-21 23:48:10 INFO  AuthentikationFilter:44 - User Korfat was authenticated
2019-09-21 23:48:10 INFO  AuthentikationFilter:44 - User Korfat was authenticated
2019-09-21 23:48:10 INFO  AuthentikationFilter:44 - User Korfat was authenticated
2019-09-21 23:48:56 INFO  InjectIniyializer:16 - Dependency injection started ...
2019-09-21 23:49:21 INFO  InjectIniyializer:16 - Dependency injection started ...
2019-09-21 23:49:30 INFO  AuthentikationFilter:50 - User was not authenticated
2019-09-21 23:49:40 INFO  AuthentikationFilter:44 - User Korfat was authenticated
2019-09-21 23:49:42 INFO  AuthentikationFilter:44 - User Korfat was authenticated
2019-09-21 23:49:42 INFO  AuthentikationFilter:44 - User Korfat was authenticated
2019-09-21 23:49:43 INFO  AuthentikationFilter:44 - User Korfat was authenticated
2019-09-21 23:49:43 INFO  AuthentikationFilter:44 - User Korfat was authenticated
2019-09-21 23:49:43 INFO  AuthentikationFilter:44 - User Korfat was authenticated
2019-09-21 23:49:43 INFO  AuthentikationFilter:44 - User Korfat was authenticated
2019-09-21 23:49:44 INFO  AuthentikationFilter:44 - User Korfat was authenticated
2019-09-21 23:49:48 INFO  AuthentikationFilter:44 - User Korfat was authenticated
2019-09-21 23:49:53 INFO  AuthentikationFilter:44 - User Korfat was authenticated
2019-09-21 23:49:55 INFO  AuthentikationFilter:44 - User Korfat was authenticated
2019-09-21 23:49:56 INFO  AuthentikationFilter:44 - User Korfat was authenticated
2019-09-21 23:49:57 INFO  AuthentikationFilter:44 - User Korfat was authenticated
2019-09-21 23:49:58 INFO  AuthentikationFilter:44 - User Korfat was authenticated
2019-09-21 23:49:58 INFO  AuthentikationFilter:44 - User Korfat was authenticated
2019-09-21 23:49:59 INFO  AuthentikationFilter:44 - User Korfat was authenticated
2019-09-21 23:49:59 INFO  AuthentikationFilter:44 - User Korfat was authenticated
2019-09-21 23:50:01 INFO  AuthentikationFilter:44 - User Korfat was authenticated
2019-09-21 23:50:01 INFO  AuthentikationFilter:44 - User Korfat was authenticated
2019-09-21 23:50:02 INFO  AuthentikationFilter:44 - User Korfat was authenticated
2019-09-21 23:50:06 INFO  AuthentikationFilter:50 - User was not authenticated
2019-09-21 23:50:14 INFO  AuthentikationFilter:44 - User Vasya was authenticated
2019-09-21 23:50:16 INFO  AuthentikationFilter:44 - User Vasya was authenticated
2019-09-21 23:50:16 INFO  AuthentikationFilter:44 - User Vasya was authenticated
2019-09-21 23:50:16 INFO  AuthentikationFilter:44 - User Vasya was authenticated
2019-09-21 23:50:17 INFO  AuthentikationFilter:44 - User Vasya was authenticated
2019-09-21 23:50:18 INFO  AuthentikationFilter:44 - User Vasya was authenticated
2019-09-21 23:50:21 INFO  AuthentikationFilter:44 - User Korfat was authenticated
2019-09-21 23:52:03 INFO  AuthentikationFilter:44 - User Vasya was authenticated
2019-09-21 23:52:04 INFO  AuthentikationFilter:44 - User Vasya was authenticated
2019-09-23 10:11:50 INFO  InjectIniyializer:16 - Dependency injection started ...
2019-09-23 10:12:25 INFO  AuthentikationFilter:45 - User Korfat was authenticated
2019-09-23 10:12:29 INFO  AuthentikationFilter:45 - User Korfat was authenticated
2019-09-23 10:12:29 INFO  AuthentikationFilter:45 - User Korfat was authenticated
2019-09-23 10:12:30 INFO  AuthentikationFilter:45 - User Korfat was authenticated
2019-09-23 10:12:30 INFO  AuthentikationFilter:45 - User Korfat was authenticated
2019-09-23 10:12:31 INFO  AuthentikationFilter:45 - User Korfat was authenticated
2019-09-23 10:12:31 INFO  AuthentikationFilter:45 - User Korfat was authenticated
2019-09-23 10:12:31 INFO  AuthentikationFilter:45 - User Korfat was authenticated
2019-09-23 10:12:31 INFO  AuthentikationFilter:45 - User Korfat was authenticated
2019-09-23 10:12:34 INFO  AuthentikationFilter:45 - User Korfat was authenticated
2019-09-23 10:12:37 INFO  AuthentikationFilter:45 - User Korfat was authenticated
2019-09-23 10:12:37 INFO  AuthentikationFilter:45 - User Korfat was authenticated
2019-09-23 10:12:39 INFO  AuthentikationFilter:45 - User Korfat was authenticated
2019-09-23 10:12:56 INFO  AuthentikationFilter:45 - User Korfat was authenticated
2019-09-23 10:13:04 INFO  AuthentikationFilter:45 - User Korfat was authenticated
2019-09-23 10:13:04 INFO  AuthentikationFilter:45 - User Korfat was authenticated
2019-09-23 10:13:05 INFO  AuthentikationFilter:45 - User Korfat was authenticated
2019-09-23 10:13:05 INFO  AuthentikationFilter:45 - User Korfat was authenticated
2019-09-23 10:13:05 INFO  AuthentikationFilter:45 - User Korfat was authenticated
2019-09-23 10:13:05 INFO  AuthentikationFilter:45 - User Korfat was authenticated
2019-09-23 10:13:14 INFO  AuthentikationFilter:45 - User Korfat was authenticated
2019-09-23 10:13:15 INFO  AuthentikationFilter:45 - User Korfat was authenticated
2019-09-23 10:13:19 INFO  AuthentikationFilter:45 - User Korfat was authenticated
2019-09-23 10:13:20 INFO  AuthentikationFilter:45 - User Korfat was authenticated
2019-09-23 10:13:22 INFO  AuthentikationFilter:45 - User Korfat was authenticated
2019-09-23 10:13:22 INFO  AuthentikationFilter:45 - User Korfat was authenticated
2019-09-23 10:13:23 INFO  AuthentikationFilter:45 - User Korfat was authenticated
2019-09-23 10:13:24 INFO  AuthentikationFilter:45 - User Korfat was authenticated
2019-09-23 13:46:39 INFO  AuthentikationFilter:45 - User Korfat was authenticated
2019-09-23 13:46:47 INFO  AuthentikationFilter:45 - User Korfat was authenticated
2019-09-23 13:47:03 INFO  AuthentikationFilter:45 - User Korfat was authenticated
2019-09-23 13:47:03 INFO  AuthentikationFilter:45 - User Korfat was authenticated
2019-09-23 13:47:04 INFO  AuthentikationFilter:45 - User Korfat was authenticated
2019-09-23 13:47:04 INFO  AuthentikationFilter:45 - User Korfat was authenticated
2019-09-23 13:47:05 INFO  AuthentikationFilter:45 - User Korfat was authenticated
2019-09-23 13:52:32 INFO  InjectIniyializer:16 - Dependency injection started ...
2019-09-23 13:52:57 INFO  AuthentikationFilter:45 - User Korfat was authenticated
2019-09-23 13:52:59 INFO  AuthentikationFilter:45 - User Korfat was authenticated
2019-09-23 13:52:59 INFO  AuthentikationFilter:45 - User Korfat was authenticated
2019-09-23 13:53:00 INFO  AuthentikationFilter:45 - User Korfat was authenticated
2019-09-23 13:53:00 INFO  AuthentikationFilter:45 - User Korfat was authenticated
2019-09-23 13:53:01 INFO  AuthentikationFilter:45 - User Korfat was authenticated
2019-09-23 13:53:01 INFO  AuthentikationFilter:45 - User Korfat was authenticated
2019-09-23 13:53:01 INFO  AuthentikationFilter:45 - User Korfat was authenticated
2019-09-23 13:53:01 INFO  AuthentikationFilter:45 - User Korfat was authenticated
2019-09-23 13:53:02 INFO  AuthentikationFilter:45 - User Korfat was authenticated
2019-09-23 13:53:05 INFO  AuthentikationFilter:45 - User Korfat was authenticated
2019-09-23 13:53:05 INFO  AuthentikationFilter:45 - User Korfat was authenticated
2019-09-23 13:53:06 INFO  AuthentikationFilter:45 - User Korfat was authenticated
2019-09-23 13:53:08 INFO  AuthentikationFilter:45 - User Korfat was authenticated
2019-09-23 13:53:09 INFO  AuthentikationFilter:45 - User Korfat was authenticated
2019-09-23 13:53:10 INFO  AuthentikationFilter:45 - User Korfat was authenticated
2019-09-23 13:53:10 INFO  AuthentikationFilter:45 - User Korfat was authenticated
2019-09-23 13:53:10 INFO  AuthentikationFilter:45 - User Korfat was authenticated
2019-09-23 13:53:10 INFO  AuthentikationFilter:45 - User Korfat was authenticated
2019-09-23 13:53:11 INFO  AuthentikationFilter:45 - User Korfat was authenticated
2019-09-23 13:53:11 INFO  AuthentikationFilter:45 - User Korfat was authenticated
2019-09-23 13:53:12 INFO  AuthentikationFilter:45 - User Korfat was authenticated
2019-09-23 13:53:12 INFO  AuthentikationFilter:45 - User Korfat was authenticated
2019-09-23 13:53:13 INFO  AuthentikationFilter:45 - User Korfat was authenticated
2019-09-23 13:53:14 INFO  AuthentikationFilter:45 - User Korfat was authenticated
2019-09-23 13:53:14 INFO  AuthentikationFilter:45 - User Korfat was authenticated
2019-09-23 13:53:16 INFO  AuthentikationFilter:45 - User Korfat was authenticated
2019-09-23 13:53:17 INFO  AuthentikationFilter:45 - User Korfat was authenticated
2019-09-23 13:53:18 INFO  AuthentikationFilter:45 - User Korfat was authenticated
2019-09-23 23:06:32 INFO  InjectIniyializer:16 - Dependency injection started ...
2019-09-23 23:06:55 INFO  AuthentikationFilter:45 - User Korfat was authenticated
2019-09-23 23:07:00 INFO  AuthentikationFilter:45 - User Korfat was authenticated
2019-09-23 23:07:00 INFO  AuthentikationFilter:45 - User Korfat was authenticated
2019-09-23 23:07:04 INFO  AuthentikationFilter:45 - User Korfat was authenticated
2019-09-23 23:07:04 INFO  AuthentikationFilter:45 - User Korfat was authenticated
2019-09-23 23:07:05 INFO  AuthentikationFilter:45 - User Korfat was authenticated
2019-09-23 23:07:07 INFO  AuthentikationFilter:45 - User Korfat was authenticated
2019-09-23 23:07:08 INFO  AuthentikationFilter:45 - User Korfat was authenticated
2019-09-23 23:07:09 INFO  AuthentikationFilter:45 - User Korfat was authenticated
2019-09-23 23:07:11 INFO  AuthentikationFilter:45 - User Korfat was authenticated
2019-09-23 23:07:11 INFO  AuthentikationFilter:45 - User Korfat was authenticated
2019-09-23 23:07:12 INFO  AuthentikationFilter:45 - User Korfat was authenticated
2019-09-23 23:07:12 INFO  AuthentikationFilter:45 - User Korfat was authenticated
2019-09-23 23:07:13 INFO  AuthentikationFilter:45 - User Korfat was authenticated
2019-09-23 23:07:13 INFO  AuthentikationFilter:45 - User Korfat was authenticated
2019-09-23 23:07:15 INFO  AuthentikationFilter:45 - User Korfat was authenticated
2019-09-23 23:07:17 INFO  AuthentikationFilter:45 - User Korfat was authenticated
2019-09-23 23:07:18 INFO  AuthentikationFilter:45 - User Korfat was authenticated
2019-09-23 23:07:19 INFO  AuthentikationFilter:45 - User Korfat was authenticated
2019-09-23 23:07:27 INFO  AuthentikationFilter:45 - User Korfat was authenticated
2019-09-23 23:11:16 INFO  InjectIniyializer:16 - Dependency injection started ...
2019-09-23 23:11:28 INFO  AuthentikationFilter:45 - User Korfat was authenticated
2019-09-23 23:11:31 INFO  AuthentikationFilter:45 - User Korfat was authenticated
2019-09-23 23:54:37 INFO  InjectIniyializer:16 - Dependency injection started ...
2019-09-23 23:55:06 INFO  AuthentikationFilter:45 - User Korfat was authenticated
2019-09-23 23:55:17 INFO  AuthentikationFilter:45 - User Korfat was authenticated
2019-09-23 23:55:17 INFO  AuthentikationFilter:45 - User Korfat was authenticated
2019-09-23 23:55:24 INFO  AuthentikationFilter:45 - User Korfat was authenticated
2019-09-23 23:55:34 INFO  AuthentikationFilter:45 - User Korfat was authenticated
2019-09-23 23:55:55 INFO  AuthentikationFilter:45 - User admin was authenticated
2019-09-23 23:56:02 INFO  AuthentikationFilter:45 - User admin was authenticated
2019-09-24 00:44:20 INFO  InjectIniyializer:16 - Dependency injection started ...
2019-09-24 00:45:10 INFO  AuthentikationFilter:45 - User Korfat was authenticated
2019-09-24 00:54:25 INFO  InjectIniyializer:16 - Dependency injection started ...
2019-09-24 00:55:08 INFO  AuthentikationFilter:45 - User Korfat was authenticated
2019-09-24 00:55:11 INFO  AuthentikationFilter:45 - User Korfat was authenticated
2019-09-24 00:55:16 INFO  AuthentikationFilter:45 - User Korfat was authenticated
2019-09-24 00:55:28 INFO  AuthentikationFilter:45 - User Korfat was authenticated
2019-09-24 00:55:37 INFO  AuthentikationFilter:45 - User Korfat was authenticated
2019-09-24 00:55:37 INFO  AuthentikationFilter:45 - User Korfat was authenticated
2019-09-24 00:55:38 INFO  AuthentikationFilter:45 - User Korfat was authenticated
2019-09-24 00:55:38 INFO  AuthentikationFilter:45 - User Korfat was authenticated
2019-09-24 00:55:39 INFO  AuthentikationFilter:45 - User Korfat was authenticated
2019-09-24 00:55:43 INFO  AuthentikationFilter:45 - User Korfat was authenticated
2019-09-24 00:55:43 INFO  AuthentikationFilter:45 - User Korfat was authenticated
2019-09-24 00:55:44 INFO  AuthentikationFilter:45 - User Korfat was authenticated
2019-09-24 00:55:45 INFO  AuthentikationFilter:45 - User Korfat was authenticated
2019-09-24 00:55:47 INFO  AuthentikationFilter:45 - User Korfat was authenticated
2019-09-24 00:55:51 INFO  AuthentikationFilter:45 - User Korfat was authenticated
2019-09-24 00:56:11 INFO  AuthentikationFilter:45 - User admin was authenticated
2019-09-24 00:56:27 INFO  AuthentikationFilter:45 - User admin was authenticated
2019-09-24 00:56:39 INFO  AuthentikationFilter:45 - User admin was authenticated
2019-09-24 00:56:45 INFO  AuthentikationFilter:45 - User admin was authenticated
2019-09-24 00:56:47 INFO  AuthentikationFilter:45 - User admin was authenticated
2019-09-24 00:56:55 INFO  AuthentikationFilter:45 - User admin was authenticated
2019-09-24 00:56:55 INFO  AuthentikationFilter:45 - User admin was authenticated
2019-09-24 00:57:04 INFO  AuthentikationFilter:45 - User admin was authenticated
2019-09-24 00:57:10 INFO  AuthentikationFilter:45 - User admin was authenticated
2019-09-24 00:57:10 INFO  AuthentikationFilter:51 - User was not authenticated
2019-09-24 00:57:29 INFO  AuthentikationFilter:45 - User Korfat was authenticated
2019-09-24 00:57:49 INFO  AuthentikationFilter:45 - User Korfat was authenticated
2019-09-24 01:00:10 INFO  InjectIniyializer:16 - Dependency injection started ...
2019-09-24 01:02:03 INFO  InjectIniyializer:16 - Dependency injection started ...
2019-09-24 01:02:18 INFO  AuthentikationFilter:51 - User was not authenticated
2019-09-24 01:02:28 INFO  AuthentikationFilter:45 - User admin was authenticated
2019-09-24 01:02:33 INFO  AuthentikationFilter:45 - User admin was authenticated
2019-09-24 10:58:25 INFO  InjectIniyializer:16 - Dependency injection started ...
2019-09-24 10:58:39 INFO  AuthentikationFilter:51 - User was not authenticated
2019-09-24 10:58:47 INFO  AuthentikationFilter:45 - User Korfat was authenticated
2019-09-24 11:08:21 INFO  AuthentikationFilter:45 - User Korfat was authenticated
2019-09-24 11:11:28 INFO  InjectIniyializer:16 - Dependency injection started ...
2019-09-24 11:12:16 INFO  AuthentikationFilter:51 - User was not authenticated
2019-09-24 11:12:40 INFO  AuthentikationFilter:45 - User Korfat was authenticated
2019-09-24 11:19:56 INFO  AuthentikationFilter:45 - User Korfat was authenticated
2019-09-24 11:20:24 INFO  AuthentikationFilter:45 - User Korfat was authenticated
2019-09-24 11:27:32 INFO  InjectIniyializer:16 - Dependency injection started ...
2019-09-24 11:27:39 INFO  AuthentikationFilter:51 - User was not authenticated
2019-09-24 11:27:48 INFO  AuthentikationFilter:45 - User Korfat was authenticated
2019-09-24 11:28:02 INFO  AuthentikationFilter:51 - User was not authenticated
2019-09-24 11:29:05 INFO  InjectIniyializer:16 - Dependency injection started ...
2019-09-24 11:29:37 INFO  AuthentikationFilter:51 - User was not authenticated
2019-09-24 11:29:47 INFO  AuthentikationFilter:45 - User Korfat was authenticated
2019-09-24 11:31:42 INFO  AuthentikationFilter:51 - User was not authenticated
2019-09-24 11:31:57 INFO  AuthentikationFilter:45 - User Korfat was authenticated
2019-09-24 11:32:44 INFO  InjectIniyializer:16 - Dependency injection started ...
2019-09-24 11:32:55 INFO  AuthentikationFilter:51 - User was not authenticated
2019-09-24 11:33:04 INFO  AuthentikationFilter:45 - User Korfat was authenticated
2019-09-24 11:33:12 INFO  AuthentikationFilter:45 - User Korfat was authenticated
2019-09-24 11:33:17 INFO  AuthentikationFilter:45 - User Korfat was authenticated
2019-09-24 11:37:04 INFO  InjectIniyializer:16 - Dependency injection started ...
2019-09-24 11:37:16 INFO  AuthentikationFilter:51 - User was not authenticated
2019-09-24 11:37:22 INFO  AuthentikationFilter:45 - User Korfat was authenticated
2019-09-24 11:37:24 INFO  AuthentikationFilter:45 - User Korfat was authenticated
2019-09-24 11:37:24 INFO  AuthentikationFilter:45 - User Korfat was authenticated
2019-09-24 11:37:25 INFO  AuthentikationFilter:45 - User Korfat was authenticated
2019-09-24 11:37:25 INFO  AuthentikationFilter:45 - User Korfat was authenticated
2019-09-24 11:37:25 INFO  AuthentikationFilter:45 - User Korfat was authenticated
2019-09-24 11:37:29 INFO  AuthentikationFilter:45 - User Korfat was authenticated
2019-09-24 11:37:31 INFO  AuthentikationFilter:45 - User Korfat was authenticated
2019-09-24 11:37:34 INFO  AuthentikationFilter:45 - User Korfat was authenticated
2019-09-24 11:37:45 INFO  AuthentikationFilter:45 - User Korfat was authenticated
2019-09-24 11:37:47 INFO  AuthentikationFilter:45 - User Korfat was authenticated
2019-09-24 11:38:02 INFO  AuthentikationFilter:45 - User Korfat was authenticated
2019-09-24 11:38:04 INFO  AuthentikationFilter:45 - User Korfat was authenticated
2019-09-24 11:38:04 INFO  AuthentikationFilter:45 - User Korfat was authenticated
2019-09-24 11:38:05 INFO  AuthentikationFilter:45 - User Korfat was authenticated
2019-09-24 11:38:06 INFO  AuthentikationFilter:45 - User Korfat was authenticated
2019-09-24 11:38:07 INFO  AuthentikationFilter:45 - User Korfat was authenticated
2019-09-24 11:42:05 INFO  InjectIniyializer:16 - Dependency injection started ...
2019-09-24 11:42:13 INFO  AuthentikationFilter:51 - User was not authenticated
2019-09-24 11:42:18 INFO  AuthentikationFilter:45 - User Korfat was authenticated
2019-09-24 11:42:20 INFO  AuthentikationFilter:45 - User Korfat was authenticated
2019-09-24 11:42:20 INFO  AuthentikationFilter:45 - User Korfat was authenticated
2019-09-24 11:42:21 INFO  AuthentikationFilter:45 - User Korfat was authenticated
2019-09-24 11:42:21 INFO  AuthentikationFilter:45 - User Korfat was authenticated
2019-09-24 11:42:22 INFO  AuthentikationFilter:45 - User Korfat was authenticated
2019-09-24 11:42:24 INFO  AuthentikationFilter:45 - User Korfat was authenticated
2019-09-24 11:42:26 INFO  AuthentikationFilter:45 - User Korfat was authenticated
2019-09-24 11:42:29 INFO  AuthentikationFilter:45 - User Korfat was authenticated
2019-09-24 11:43:16 INFO  AuthentikationFilter:45 - User Korfat was authenticated
2019-09-24 11:43:18 INFO  AuthentikationFilter:45 - User Korfat was authenticated
2019-09-24 11:43:44 INFO  AuthentikationFilter:45 - User Korfat was authenticated
2019-09-24 11:43:46 INFO  AuthentikationFilter:45 - User Korfat was authenticated
2019-09-24 11:43:46 INFO  AuthentikationFilter:45 - User Korfat was authenticated
2019-09-24 11:43:47 INFO  AuthentikationFilter:45 - User Korfat was authenticated
2019-09-24 11:43:48 INFO  AuthentikationFilter:45 - User Korfat was authenticated
2019-09-24 11:43:52 INFO  AuthentikationFilter:45 - User Korfat was authenticated
2019-09-24 11:43:59 INFO  AuthentikationFilter:45 - User Korfat was authenticated
2019-09-24 11:44:34 INFO  InjectIniyializer:16 - Dependency injection started ...
2019-09-24 11:45:32 INFO  AuthentikationFilter:51 - User was not authenticated
2019-09-24 11:45:38 INFO  AuthentikationFilter:45 - User Korfat was authenticated
2019-09-24 11:45:41 INFO  AuthentikationFilter:45 - User Korfat was authenticated
2019-09-24 11:45:41 INFO  AuthentikationFilter:45 - User Korfat was authenticated
2019-09-24 11:45:45 INFO  AuthentikationFilter:45 - User Korfat was authenticated
2019-09-24 11:45:47 INFO  AuthentikationFilter:45 - User Korfat was authenticated
2019-09-24 11:45:48 INFO  AuthentikationFilter:45 - User Korfat was authenticated
2019-09-24 11:45:50 INFO  AuthentikationFilter:45 - User Korfat was authenticated
2019-09-24 11:45:51 INFO  AuthentikationFilter:45 - User Korfat was authenticated
2019-09-24 11:45:51 INFO  AuthentikationFilter:45 - User Korfat was authenticated
2019-09-24 11:46:13 INFO  AuthentikationFilter:51 - User was not authenticated
2019-09-24 11:46:50 INFO  AuthentikationFilter:45 - User Korfat was authenticated
2019-09-24 11:46:52 INFO  AuthentikationFilter:45 - User Korfat was authenticated
2019-09-24 11:46:54 INFO  AuthentikationFilter:45 - User Korfat was authenticated
2019-09-24 11:46:58 INFO  AuthentikationFilter:45 - User Korfat was authenticated
2019-09-24 11:46:58 INFO  AuthentikationFilter:45 - User Korfat was authenticated
2019-09-24 11:46:59 INFO  AuthentikationFilter:45 - User Korfat was authenticated
2019-09-24 11:47:03 INFO  AuthentikationFilter:45 - User Korfat was authenticated
2019-09-24 11:47:05 INFO  AuthentikationFilter:45 - User Korfat was authenticated
2019-09-24 11:47:06 INFO  AuthentikationFilter:45 - User Korfat was authenticated
2019-09-24 11:47:08 INFO  AuthentikationFilter:45 - User Korfat was authenticated
2019-09-24 11:47:09 INFO  AuthentikationFilter:45 - User Korfat was authenticated
2019-09-24 11:47:10 INFO  AuthentikationFilter:45 - User Korfat was authenticated
2019-09-24 11:47:11 INFO  AuthentikationFilter:45 - User Korfat was authenticated
2019-09-24 11:47:14 INFO  AuthentikationFilter:45 - User Korfat was authenticated
2019-09-24 11:47:15 INFO  AuthentikationFilter:45 - User Korfat was authenticated
2019-09-24 11:47:15 INFO  AuthentikationFilter:45 - User Korfat was authenticated
2019-09-24 11:47:16 INFO  AuthentikationFilter:45 - User Korfat was authenticated
2019-09-24 11:47:23 INFO  AuthentikationFilter:45 - User Korfat was authenticated
2019-09-24 11:47:24 INFO  AuthentikationFilter:45 - User Korfat was authenticated
2019-09-24 11:47:39 INFO  AuthentikationFilter:51 - User was not authenticated
2019-09-24 11:47:49 INFO  AuthentikationFilter:45 - User admin was authenticated
2019-09-24 11:47:56 INFO  AuthentikationFilter:45 - User admin was authenticated
2019-09-24 11:48:14 INFO  AuthentikationFilter:45 - User admin was authenticated
2019-09-24 11:48:22 INFO  AuthentikationFilter:45 - User admin was authenticated
2019-09-24 11:48:22 INFO  AuthentikationFilter:45 - User admin was authenticated
2019-09-24 11:48:23 INFO  AuthentikationFilter:45 - User admin was authenticated
2019-09-24 11:48:23 INFO  AuthentikationFilter:45 - User admin was authenticated
2019-09-24 11:48:30 INFO  AuthentikationFilter:45 - User admin was authenticated
2019-09-24 11:48:30 INFO  AuthentikationFilter:51 - User was not authenticated
2019-09-24 12:03:54 INFO  InjectIniyializer:16 - Dependency injection started ...
2019-09-24 12:04:06 INFO  AuthentikationFilter:51 - User was not authenticated
2019-09-24 12:04:12 INFO  AuthentikationFilter:45 - User Korfat was authenticated
2019-09-24 12:04:14 INFO  AuthentikationFilter:45 - User Korfat was authenticated
2019-09-24 12:04:14 INFO  AuthentikationFilter:45 - User Korfat was authenticated
2019-09-24 12:04:15 INFO  AuthentikationFilter:45 - User Korfat was authenticated
2019-09-24 12:04:15 INFO  AuthentikationFilter:45 - User Korfat was authenticated
2019-09-24 12:04:16 INFO  AuthentikationFilter:45 - User Korfat was authenticated
2019-09-24 12:04:20 INFO  AuthentikationFilter:45 - User Korfat was authenticated
2019-09-24 12:04:21 INFO  AuthentikationFilter:45 - User Korfat was authenticated
2019-09-24 12:04:23 INFO  AuthentikationFilter:45 - User Korfat was authenticated
2019-09-24 12:04:25 INFO  AuthentikationFilter:45 - User Korfat was authenticated
2019-09-24 12:04:29 INFO  AuthentikationFilter:45 - User Korfat was authenticated
2019-09-24 12:04:51 INFO  AuthentikationFilter:51 - User was not authenticated
2019-09-24 12:04:58 INFO  AuthentikationFilter:45 - User admin was authenticated
2019-09-24 12:05:03 INFO  AuthentikationFilter:45 - User admin was authenticated
2019-09-24 12:05:05 INFO  AuthentikationFilter:45 - User admin was authenticated
2019-09-24 12:05:28 INFO  AuthentikationFilter:45 - User admin was authenticated
2019-09-24 12:05:28 INFO  AuthentikationFilter:45 - User admin was authenticated
2019-09-24 12:05:37 INFO  AuthentikationFilter:45 - User admin was authenticated
2019-09-24 12:05:46 INFO  AuthentikationFilter:45 - User admin was authenticated
2019-09-24 12:05:46 INFO  AuthentikationFilter:51 - User was not authenticated
2019-09-24 12:05:52 INFO  AuthentikationFilter:45 - User admin was authenticated
2019-09-24 12:05:54 INFO  AuthentikationFilter:45 - User admin was authenticated
2019-09-24 12:07:25 INFO  InjectIniyializer:16 - Dependency injection started ...
2019-09-24 12:07:30 INFO  AuthentikationFilter:51 - User was not authenticated
2019-09-24 12:07:39 INFO  AuthentikationFilter:45 - User Korfat was authenticated
2019-09-24 12:07:42 INFO  AuthentikationFilter:45 - User Korfat was authenticated
2019-09-24 12:07:59 INFO  AuthentikationFilter:45 - User Korfat was authenticated
2019-09-24 12:07:59 INFO  AuthentikationFilter:45 - User Korfat was authenticated
2019-09-24 12:07:59 INFO  AuthentikationFilter:45 - User Korfat was authenticated
2019-09-24 12:07:59 INFO  AuthentikationFilter:45 - User Korfat was authenticated
2019-09-24 12:08:00 INFO  AuthentikationFilter:45 - User Korfat was authenticated
2019-09-24 12:08:01 INFO  AuthentikationFilter:45 - User Korfat was authenticated
2019-09-24 12:08:07 INFO  AuthentikationFilter:45 - User Korfat was authenticated
2019-09-24 12:08:08 INFO  AuthentikationFilter:45 - User Korfat was authenticated
2019-09-24 12:08:35 INFO  AuthentikationFilter:45 - User Korfat was authenticated
2019-09-24 12:09:00 INFO  AuthentikationFilter:45 - User admin was authenticated
2019-09-24 12:09:01 INFO  AuthentikationFilter:45 - User admin was authenticated
2019-09-24 12:09:07 INFO  AuthentikationFilter:45 - User admin was authenticated
2019-09-24 12:09:10 INFO  AuthentikationFilter:45 - User admin was authenticated
2019-09-24 12:09:10 INFO  AuthentikationFilter:45 - User admin was authenticated
2019-09-24 12:09:16 INFO  AuthentikationFilter:45 - User admin was authenticated
2019-09-24 12:09:18 INFO  AuthentikationFilter:45 - User admin was authenticated
2019-09-24 12:13:13 INFO  InjectIniyializer:16 - Dependency injection started ...
2019-09-24 12:15:04 INFO  AuthentikationFilter:51 - User was not authenticated
2019-09-24 12:15:09 INFO  AuthentikationFilter:45 - User Korfat was authenticated
2019-09-24 12:15:12 INFO  AuthentikationFilter:45 - User Korfat was authenticated
2019-09-24 12:15:12 INFO  AuthentikationFilter:45 - User Korfat was authenticated
2019-09-24 12:15:12 INFO  AuthentikationFilter:45 - User Korfat was authenticated
2019-09-24 12:15:12 INFO  AuthentikationFilter:45 - User Korfat was authenticated
2019-09-24 12:15:13 INFO  AuthentikationFilter:45 - User Korfat was authenticated
2019-09-24 12:15:15 INFO  AuthentikationFilter:45 - User Korfat was authenticated
2019-09-24 12:15:18 INFO  AuthentikationFilter:45 - User Korfat was authenticated
2019-09-24 12:15:20 INFO  AuthentikationFilter:45 - User Korfat was authenticated
2019-09-24 12:15:21 INFO  AuthentikationFilter:45 - User Korfat was authenticated
2019-09-24 12:15:35 INFO  AuthentikationFilter:51 - User was not authenticated
2019-09-24 12:15:44 INFO  AuthentikationFilter:45 - User admin was authenticated
2019-09-24 12:15:47 INFO  AuthentikationFilter:45 - User admin was authenticated
2019-09-24 12:15:52 INFO  AuthentikationFilter:45 - User admin was authenticated
2019-09-24 12:15:55 INFO  AuthentikationFilter:45 - User admin was authenticated
2019-09-24 12:15:55 INFO  AuthentikationFilter:45 - User admin was authenticated
2019-09-24 14:35:48 INFO  InjectIniyializer:16 - Dependency injection started ...
2019-09-24 14:35:56 INFO  AuthentikationFilter:51 - User was not authenticated
2019-09-24 14:36:01 INFO  AuthentikationFilter:45 - User Korfat was authenticated
2019-09-24 14:36:03 INFO  AuthentikationFilter:45 - User Korfat was authenticated
2019-09-24 14:36:03 INFO  AuthentikationFilter:45 - User Korfat was authenticated
2019-09-24 14:36:03 INFO  AuthentikationFilter:45 - User Korfat was authenticated
2019-09-24 14:36:03 INFO  AuthentikationFilter:45 - User Korfat was authenticated
2019-09-24 14:36:05 INFO  AuthentikationFilter:45 - User Korfat was authenticated
2019-09-24 14:36:07 INFO  AuthentikationFilter:45 - User Korfat was authenticated
2019-09-24 14:36:08 INFO  AuthentikationFilter:45 - User Korfat was authenticated
2019-09-24 14:36:08 INFO  AuthentikationFilter:45 - User Korfat was authenticated
2019-09-24 14:36:09 INFO  AuthentikationFilter:45 - User Korfat was authenticated
2019-09-24 14:36:10 INFO  AuthentikationFilter:45 - User Korfat was authenticated
2019-09-24 14:36:11 INFO  AuthentikationFilter:45 - User Korfat was authenticated
2019-09-24 14:36:12 INFO  AuthentikationFilter:45 - User Korfat was authenticated
2019-09-24 14:36:13 INFO  AuthentikationFilter:45 - User Korfat was authenticated
2019-09-24 14:36:16 INFO  AuthentikationFilter:45 - User Korfat was authenticated
2019-09-24 14:36:16 INFO  AuthentikationFilter:45 - User Korfat was authenticated
2019-09-24 14:36:16 INFO  AuthentikationFilter:45 - User Korfat was authenticated
2019-09-24 14:36:16 INFO  AuthentikationFilter:45 - User Korfat was authenticated
2019-09-24 14:36:17 INFO  AuthentikationFilter:45 - User Korfat was authenticated
2019-09-24 14:36:18 INFO  AuthentikationFilter:45 - User Korfat was authenticated
2019-09-24 14:36:30 INFO  AuthentikationFilter:51 - User was not authenticated
2019-09-24 14:36:46 INFO  AuthentikationFilter:51 - User was not authenticated
2019-09-24 14:36:51 INFO  AuthentikationFilter:45 - User Korfat was authenticated
2019-09-24 14:36:53 INFO  AuthentikationFilter:45 - User Korfat was authenticated
2019-09-24 14:36:53 INFO  AuthentikationFilter:45 - User Korfat was authenticated
2019-09-24 14:36:54 INFO  AuthentikationFilter:45 - User Korfat was authenticated
2019-09-24 14:36:55 INFO  AuthentikationFilter:45 - User Korfat was authenticated
2019-09-24 14:36:56 INFO  AuthentikationFilter:45 - User Korfat was authenticated
2019-09-24 14:36:57 INFO  AuthentikationFilter:45 - User Korfat was authenticated
2019-09-24 14:36:58 INFO  AuthentikationFilter:45 - User Korfat was authenticated
2019-09-24 14:36:59 INFO  AuthentikationFilter:45 - User Korfat was authenticated
2019-09-24 14:37:00 INFO  AuthentikationFilter:45 - User Korfat was authenticated
2019-09-24 14:37:01 INFO  AuthentikationFilter:45 - User Korfat was authenticated
2019-09-24 14:37:01 INFO  AuthentikationFilter:45 - User Korfat was authenticated
2019-09-24 14:37:02 INFO  AuthentikationFilter:45 - User Korfat was authenticated
2019-09-24 14:37:03 INFO  AuthentikationFilter:45 - User Korfat was authenticated
2019-09-24 14:37:04 INFO  AuthentikationFilter:45 - User Korfat was authenticated
2019-09-24 14:37:16 INFO  AuthentikationFilter:45 - User admin was authenticated
2019-09-24 14:37:20 INFO  AuthentikationFilter:45 - User admin was authenticated
2019-09-24 14:37:23 INFO  AuthentikationFilter:45 - User admin was authenticated
2019-09-24 14:37:35 INFO  AuthentikationFilter:45 - User admin was authenticated
2019-09-24 14:37:38 INFO  AuthentikationFilter:45 - User admin was authenticated
2019-09-24 14:37:38 INFO  AuthentikationFilter:45 - User admin was authenticated
2019-09-24 14:37:38 INFO  AuthentikationFilter:45 - User admin was authenticated
2019-09-24 14:37:38 INFO  AuthentikationFilter:45 - User admin was authenticated
2019-09-24 14:37:40 INFO  AuthentikationFilter:45 - User admin was authenticated
2019-09-24 14:37:40 INFO  AuthentikationFilter:51 - User was not authenticated
